
  .   ____          _            __ _ _
 /\\ / ___'_ __ _ _(_)_ __  __ _ \ \ \ \
( ( )\___ | '_ | '_| | '_ \/ _` | \ \ \ \
 \\/  ___)| |_)| | | | | || (_| |  ) ) ) )
  '  |____| .__|_| |_|_| |_\__, | / / / /
 =========|_|==============|___/=/_/_/_/

 :: Spring Boot ::               (v3.5.13)

2026-03-29T02:18:22.981+01:00  INFO 8252 --- [           main] m.ens.springbash.SpringbashApplication   : Starting SpringbashApplication v0.0.1-SNAPSHOT using Java 17.0.18 with PID 8252 (C:\Users\hp\Downloads\springbash\springbash\target\springbash-0.0.1-SNAPSHOT.jar started by hp in C:\Users\hp\Downloads\springbash\springbash)
2026-03-29T02:18:22.981+01:00  INFO 8252 --- [           main] m.ens.springbash.SpringbashApplication   : No active profile set, falling back to 1 default profile: "default"
2026-03-29T02:18:24.400+01:00  INFO 8252 --- [           main] .s.d.r.c.RepositoryConfigurationDelegate : Bootstrapping Spring Data JPA repositories in DEFAULT mode.
2026-03-29T02:18:24.473+01:00  INFO 8252 --- [           main] .s.d.r.c.RepositoryConfigurationDelegate : Finished Spring Data repository scanning in 36 ms. Found 0 JPA repository interfaces.
2026-03-29T02:18:25.523+01:00  INFO 8252 --- [           main] o.s.b.w.embedded.tomcat.TomcatWebServer  : Tomcat initialized with port 8085 (http)
2026-03-29T02:18:25.565+01:00  INFO 8252 --- [           main] o.apache.catalina.core.StandardService   : Starting service [Tomcat]
2026-03-29T02:18:25.565+01:00  INFO 8252 --- [           main] o.apache.catalina.core.StandardEngine    : Starting Servlet engine: [Apache Tomcat/10.1.53]
2026-03-29T02:18:25.618+01:00  INFO 8252 --- [           main] o.a.c.c.C.[Tomcat].[localhost].[/]       : Initializing Spring embedded WebApplicationContext
2026-03-29T02:18:25.618+01:00  INFO 8252 --- [           main] w.s.c.ServletWebServerApplicationContext : Root WebApplicationContext: initialization completed in 2489 ms
2026-03-29T02:18:26.073+01:00  INFO 8252 --- [           main] o.hibernate.jpa.internal.util.LogHelper  : HHH000204: Processing PersistenceUnitInfo [name: default]
2026-03-29T02:18:26.193+01:00  INFO 8252 --- [           main] org.hibernate.Version                    : HHH000412: Hibernate ORM core version 6.6.45.Final
2026-03-29T02:18:26.275+01:00  INFO 8252 --- [           main] o.h.c.internal.RegionFactoryInitiator    : HHH000026: Second-level cache disabled
2026-03-29T02:18:27.062+01:00  INFO 8252 --- [           main] o.s.o.j.p.SpringPersistenceUnitInfo      : No LoadTimeWeaver setup: ignoring JPA class transformer
2026-03-29T02:18:27.102+01:00  INFO 8252 --- [           main] com.zaxxer.hikari.HikariDataSource       : HikariPool-1 - Starting...
2026-03-29T02:18:27.427+01:00  INFO 8252 --- [           main] com.zaxxer.hikari.pool.HikariPool        : HikariPool-1 - Added connection conn0: url=jdbc:h2:mem:testdb user=SA
2026-03-29T02:18:27.427+01:00  INFO 8252 --- [           main] com.zaxxer.hikari.HikariDataSource       : HikariPool-1 - Start completed.
2026-03-29T02:18:27.536+01:00  INFO 8252 --- [           main] org.hibernate.orm.connections.pooling    : HHH10001005: Database info:
	Database JDBC URL [Connecting through datasource 'HikariDataSource (HikariPool-1)']
	Database driver: undefined/unknown
	Database version: 2.3.232
	Autocommit mode: undefined/unknown
	Isolation level: undefined/unknown
	Minimum pool size: undefined/unknown
	Maximum pool size: undefined/unknown
2026-03-29T02:18:28.052+01:00  INFO 8252 --- [           main] o.h.e.t.j.p.i.JtaPlatformInitiator       : HHH000489: No JTA platform available (set 'hibernate.transaction.jta.platform' to enable JTA platform integration)
2026-03-29T02:18:28.052+01:00  INFO 8252 --- [           main] j.LocalContainerEntityManagerFactoryBean : Initialized JPA EntityManagerFactory for persistence unit 'default'
2026-03-29T02:18:28.132+01:00  WARN 8252 --- [           main] JpaBaseConfiguration$JpaWebConfiguration : spring.jpa.open-in-view is enabled by default. Therefore, database queries may be performed during view rendering. Explicitly configure spring.jpa.open-in-view to disable this warning
2026-03-29T02:18:28.904+01:00  INFO 8252 --- [           main] o.s.b.w.embedded.tomcat.TomcatWebServer  : Tomcat started on port 8085 (http) with context path '/'
2026-03-29T02:18:28.958+01:00  INFO 8252 --- [           main] m.ens.springbash.SpringbashApplication   : Started SpringbashApplication in 10.003 seconds (process running for 10.933)
